This is pdfTeX, Version 3.14159265-2.6-1.40.18 (MiKTeX 2.9.6350 64-bit) (preloaded format=pdflatex 2017.9.12)  24 MAR 2018 09:53
entering extended mode
**./Hauer_CV.tex
(Hauer_CV.tex
LaTeX2e <2017-04-15>
Babel <3.10> and hyphenation patterns for 75 language(s) loaded.
("C:\MiKTeX 2.9\tex\latex\base\article.cls"
Document Class: article 2014/09/29 v1.4h Standard LaTeX document class
("C:\MiKTeX 2.9\tex\latex\base\size11.clo"
File: size11.clo 2014/09/29 v1.4h Standard LaTeX file (size option)
)
\c@part=\count79
\c@section=\count80
\c@subsection=\count81
\c@subsubsection=\count82
\c@paragraph=\count83
\c@subparagraph=\count84
\c@figure=\count85
\c@table=\count86
\abovecaptionskip=\skip41
\belowcaptionskip=\skip42
\bibindent=\dimen102
) (cv.sty
(C:\Users\Matt\AppData\Roaming\MiKTeX\2.9\tex\latex\paralist\paralist.sty
Package: paralist 2017/01/22 v2.7 Extended list environments
\pltopsep=\skip43
\plpartopsep=\skip44
\plitemsep=\skip45
\plparsep=\skip46
\pl@lab=\toks14
)
(C:\Users\Matt\AppData\Roaming\MiKTeX\2.9\tex\latex\ms\ragged2e.sty
Package: ragged2e 2009/05/21 v2.1 ragged2e Package (MS)

(C:\Users\Matt\AppData\Roaming\MiKTeX\2.9\tex\latex\ms\everysel.sty
Package: everysel 2011/10/28 v1.2 EverySelectfont Package (MS)
)
\CenteringLeftskip=\skip47
\RaggedLeftLeftskip=\skip48
\RaggedRightLeftskip=\skip49
\CenteringRightskip=\skip50
\RaggedLeftRightskip=\skip51
\RaggedRightRightskip=\skip52
\CenteringParfillskip=\skip53
\RaggedLeftParfillskip=\skip54
\RaggedRightParfillskip=\skip55
\JustifyingParfillskip=\skip56
\CenteringParindent=\skip57
\RaggedLeftParindent=\skip58
\RaggedRightParindent=\skip59
\JustifyingParindent=\skip60
)
(C:\Users\Matt\AppData\Roaming\MiKTeX\2.9\tex\latex\datetime\datetime.sty
Package: datetime 2015/03/20 v2.60 Date Time Package

(C:\Users\Matt\AppData\Roaming\MiKTeX\2.9\tex\latex\etoolbox\etoolbox.sty
Package: etoolbox 2017/01/02 v2.4 e-TeX tools for LaTeX (JAW)
\etb@tempcnta=\count87
)
(C:\Users\Matt\AppData\Roaming\MiKTeX\2.9\tex\latex\fmtcount\fmtcount.sty
Package: fmtcount 2017/12/24 v3.05

("C:\MiKTeX 2.9\tex\latex\base\ifthen.sty"
Package: ifthen 2014/09/29 v1.1c Standard LaTeX ifthen package (DPC)
)
("C:\MiKTeX 2.9\tex\latex\xkeyval\xkeyval.sty"
Package: xkeyval 2014/12/03 v2.7a package option processing (HA)

("C:\MiKTeX 2.9\tex\generic\xkeyval\xkeyval.tex"
("C:\MiKTeX 2.9\tex\generic\xkeyval\xkvutils.tex"
\XKV@toks=\toks15
\XKV@tempa@toks=\toks16

("C:\MiKTeX 2.9\tex\generic\xkeyval\keyval.tex"))
\XKV@depth=\count88
File: xkeyval.tex 2014/12/03 v2.7a key=value parser (HA)
))
(C:\Users\Matt\AppData\Roaming\MiKTeX\2.9\tex\latex\fmtcount\fcprefix.sty
Package: fcprefix 2012/09/28

(C:\Users\Matt\AppData\Roaming\MiKTeX\2.9\tex\latex\fmtcount\fcnumparser.sty
Package: fcnumparser 2017/06/15
\fc@digit@counter=\count89
))
("C:\MiKTeX 2.9\tex\latex\amsmath\amsgen.sty"
File: amsgen.sty 1999/11/30 v2.0 generic functions
\@emptytoks=\toks17
\ex@=\dimen103
)
\c@padzeroesN=\count90
\fc@tmpcatcode=\count91
\@DT@modctr=\count92
\@ordinalctr=\count93
\@orgargctr=\count94
\@strctr=\count95
\@tmpstrctr=\count96
\@DT@loopN=\count97
\@DT@X=\count98
)
(C:\Users\Matt\AppData\Roaming\MiKTeX\2.9\tex\latex\datetime\datetime-defaults.
sty
Package: datetime-defaults 2013/09/10
)
\@day=\count99
\@month=\count100
\@year=\count101
\c@HOUR=\count102
\c@HOURXII=\count103
\c@MINUTE=\count104
\c@TOHOUR=\count105
\c@TOMINUTE=\count106
\c@SECOND=\count107
\currenthour=\count108
\currentminute=\count109
\currentsecond=\count110
Package datetime Info: No datetime.cfg file found, using default settings on in
put line 308.
\@dtctr=\count111
\dayofyear=\count112
\dayofweek=\count113
LaTeX Info: Redefining \today on input line 736.
\dt@a=\toks18
\dt@b=\toks19
) ("C:\MiKTeX 2.9\tex\latex\hyperref\hyperref.sty"
Package: hyperref 2017/03/14 v6.85a Hypertext links for LaTeX

("C:\MiKTeX 2.9\tex\generic\oberdiek\hobsub-hyperref.sty"
Package: hobsub-hyperref 2016/05/16 v1.14 Bundle oberdiek, subset hyperref (HO)


("C:\MiKTeX 2.9\tex\generic\oberdiek\hobsub-generic.sty"
Package: hobsub-generic 2016/05/16 v1.14 Bundle oberdiek, subset generic (HO)
Package: hobsub 2016/05/16 v1.14 Construct package bundles (HO)
Package: infwarerr 2016/05/16 v1.4 Providing info/warning/error messages (HO)
Package: ltxcmds 2016/05/16 v1.23 LaTeX kernel commands for general use (HO)
Package: ifluatex 2016/05/16 v1.4 Provides the ifluatex switch (HO)
Package ifluatex Info: LuaTeX not detected.
Package: ifvtex 2016/05/16 v1.6 Detect VTeX and its facilities (HO)
Package ifvtex Info: VTeX not detected.
Package: intcalc 2016/05/16 v1.2 Expandable calculations with integers (HO)
Package: ifpdf 2017/03/15 v3.2 Provides the ifpdf switch
Package: etexcmds 2016/05/16 v1.6 Avoid name clashes with e-TeX commands (HO)
Package etexcmds Info: Could not find \expanded.
(etexcmds)             That can mean that you are not using pdfTeX 1.50 or
(etexcmds)             that some package has redefined \expanded.
(etexcmds)             In the latter case, load this package earlier.
Package: kvsetkeys 2016/05/16 v1.17 Key value parser (HO)
Package: kvdefinekeys 2016/05/16 v1.4 Define keys (HO)
Package: pdftexcmds 2017/03/19 v0.25 Utility functions of pdfTeX for LuaTeX (HO
)
Package pdftexcmds Info: LuaTeX not detected.
Package pdftexcmds Info: \pdf@primitive is available.
Package pdftexcmds Info: \pdf@ifprimitive is available.
Package pdftexcmds Info: \pdfdraftmode found.
Package: pdfescape 2016/05/16 v1.14 Implements pdfTeX's escape features (HO)
Package: bigintcalc 2016/05/16 v1.4 Expandable calculations on big integers (HO
)
Package: bitset 2016/05/16 v1.2 Handle bit-vector datatype (HO)
Package: uniquecounter 2016/05/16 v1.3 Provide unlimited unique counter (HO)
)
Package hobsub Info: Skipping package `hobsub' (already loaded).
Package: letltxmacro 2016/05/16 v1.5 Let assignment for LaTeX macros (HO)
Package: hopatch 2016/05/16 v1.3 Wrapper for package hooks (HO)
Package: xcolor-patch 2016/05/16 xcolor patch
Package: atveryend 2016/05/16 v1.9 Hooks at the very end of document (HO)
Package: atbegshi 2016/06/09 v1.18 At begin shipout hook (HO)
Package: refcount 2016/05/16 v3.5 Data extraction from label references (HO)
Package: hycolor 2016/05/16 v1.8 Color options for hyperref/bookmark (HO)
)
("C:\MiKTeX 2.9\tex\generic\ifxetex\ifxetex.sty"
Package: ifxetex 2010/09/12 v0.6 Provides ifxetex conditional
)
("C:\MiKTeX 2.9\tex\latex\oberdiek\auxhook.sty"
Package: auxhook 2016/05/16 v1.4 Hooks for auxiliary files (HO)
)
("C:\MiKTeX 2.9\tex\latex\oberdiek\kvoptions.sty"
Package: kvoptions 2016/05/16 v3.12 Key value format for package options (HO)
)
\@linkdim=\dimen104
\Hy@linkcounter=\count114
\Hy@pagecounter=\count115

("C:\MiKTeX 2.9\tex\latex\hyperref\pd1enc.def"
File: pd1enc.def 2017/03/14 v6.85a Hyperref: PDFDocEncoding definition (HO)
)
\Hy@SavedSpaceFactor=\count116

("C:\MiKTeX 2.9\tex\latex\00miktex\hyperref.cfg"
File: hyperref.cfg 2002/06/06 v1.2 hyperref configuration of TeXLive
)
Package hyperref Info: Hyper figures OFF on input line 4498.
Package hyperref Info: Link nesting OFF on input line 4503.
Package hyperref Info: Hyper index ON on input line 4506.
Package hyperref Info: Plain pages OFF on input line 4513.
Package hyperref Info: Backreferencing OFF on input line 4518.
Package hyperref Info: Implicit mode ON; LaTeX internals redefined.
Package hyperref Info: Bookmarks ON on input line 4751.
\c@Hy@tempcnt=\count117

(C:\Users\Matt\AppData\Roaming\MiKTeX\2.9\tex\latex\url\url.sty
\Urlmuskip=\muskip10
Package: url 2013/09/16  ver 3.4  Verb mode for urls, etc.
)
LaTeX Info: Redefining \url on input line 5104.
\XeTeXLinkMargin=\dimen105
\Fld@menulength=\count118
\Field@Width=\dimen106
\Fld@charsize=\dimen107
Package hyperref Info: Hyper figures OFF on input line 6358.
Package hyperref Info: Link nesting OFF on input line 6363.
Package hyperref Info: Hyper index ON on input line 6366.
Package hyperref Info: backreferencing OFF on input line 6373.
Package hyperref Info: Link coloring OFF on input line 6378.
Package hyperref Info: Link coloring with OCG OFF on input line 6383.
Package hyperref Info: PDF/A mode OFF on input line 6388.
LaTeX Info: Redefining \ref on input line 6428.
LaTeX Info: Redefining \pageref on input line 6432.
\Hy@abspage=\count119
\c@Item=\count120
\c@Hfootnote=\count121
)

Package hyperref Message: Driver (autodetected): hpdftex.

("C:\MiKTeX 2.9\tex\latex\hyperref\hpdftex.def"
File: hpdftex.def 2017/03/14 v6.85a Hyperref driver for pdfTeX
\Fld@listcount=\count122
\c@bookmark@seq@number=\count123

("C:\MiKTeX 2.9\tex\latex\oberdiek\rerunfilecheck.sty"
Package: rerunfilecheck 2016/05/16 v1.8 Rerun checks for auxiliary files (HO)
Package uniquecounter Info: New unique counter `rerunfilecheck' on input line 2
82.
)
\Hy@SectionHShift=\skip61
)
(C:\Users\Matt\AppData\Roaming\MiKTeX\2.9\tex\latex\fancyhdr\fancyhdr.sty
Package: fancyhdr 2017/06/30 v3.9a Extensive control of page headers and footer
s
\f@nch@headwidth=\skip62
\f@nch@O@elh=\skip63
\f@nch@O@erh=\skip64
\f@nch@O@olh=\skip65
\f@nch@O@orh=\skip66
\f@nch@O@elf=\skip67
\f@nch@O@erf=\skip68
\f@nch@O@olf=\skip69
\f@nch@O@orf=\skip70
)
(C:\Users\Matt\AppData\Roaming\MiKTeX\2.9\tex\latex\enumitem\enumitem.sty
Package: enumitem 2011/09/28 v3.5.2 Customized lists
\enitkv@toks@=\toks20
\labelindent=\skip71
\enit@outerparindent=\dimen108
\enit@toks=\toks21
\enit@inbox=\box26
\enitdp@description=\count124
)
("C:\MiKTeX 2.9\tex\latex\graphics\color.sty"
Package: color 2016/07/10 v1.1e Standard LaTeX Color (DPC)

("C:\MiKTeX 2.9\tex\latex\graphics-cfg\color.cfg"
File: color.cfg 2016/01/02 v1.6 sample color configuration
)
Package color Info: Driver file: pdftex.def on input line 147.

("C:\MiKTeX 2.9\tex\latex\graphics-def\pdftex.def"
File: pdftex.def 2017/01/12 v0.06k Graphics/color for pdfTeX
\Gread@gobject=\count125
))
("C:\MiKTeX 2.9\tex\latex\geometry\geometry.sty"
Package: geometry 2010/09/12 v5.6 Page Geometry
\Gm@cnth=\count126
\Gm@cntv=\count127
\c@Gm@tempcnt=\count128
\Gm@bindingoffset=\dimen109
\Gm@wd@mp=\dimen110
\Gm@odd@mp=\dimen111
\Gm@even@mp=\dimen112
\Gm@layoutwidth=\dimen113
\Gm@layoutheight=\dimen114
\Gm@layouthoffset=\dimen115
\Gm@layoutvoffset=\dimen116
\Gm@dimlist=\toks22

("C:\MiKTeX 2.9\tex\latex\geometry\geometry.cfg"))
(C:\Users\Matt\AppData\Roaming\MiKTeX\2.9\tex\latex\titlesec\titlesec.sty
Package: titlesec 2016/03/21 v2.10.2 Sectioning titles
\ttl@box=\box27
\beforetitleunit=\skip72
\aftertitleunit=\skip73
\ttl@plus=\dimen117
\ttl@minus=\dimen118
\ttl@toksa=\toks23
\titlewidth=\dimen119
\titlewidthlast=\dimen120
\titlewidthfirst=\dimen121
)
("C:\MiKTeX 2.9\tex\latex\lm\lmodern.sty"
Package: lmodern 2009/10/30 v1.6 Latin Modern Fonts
LaTeX Font Info:    Overwriting symbol font `operators' in version `normal'
(Font)                  OT1/cmr/m/n --> OT1/lmr/m/n on input line 22.
LaTeX Font Info:    Overwriting symbol font `letters' in version `normal'
(Font)                  OML/cmm/m/it --> OML/lmm/m/it on input line 23.
LaTeX Font Info:    Overwriting symbol font `symbols' in version `normal'
(Font)                  OMS/cmsy/m/n --> OMS/lmsy/m/n on input line 24.
LaTeX Font Info:    Overwriting symbol font `largesymbols' in version `normal'
(Font)                  OMX/cmex/m/n --> OMX/lmex/m/n on input line 25.
LaTeX Font Info:    Overwriting symbol font `operators' in version `bold'
(Font)                  OT1/cmr/bx/n --> OT1/lmr/bx/n on input line 26.
LaTeX Font Info:    Overwriting symbol font `letters' in version `bold'
(Font)                  OML/cmm/b/it --> OML/lmm/b/it on input line 27.
LaTeX Font Info:    Overwriting symbol font `symbols' in version `bold'
(Font)                  OMS/cmsy/b/n --> OMS/lmsy/b/n on input line 28.
LaTeX Font Info:    Overwriting symbol font `largesymbols' in version `bold'
(Font)                  OMX/cmex/m/n --> OMX/lmex/m/n on input line 29.
LaTeX Font Info:    Overwriting math alphabet `\mathbf' in version `normal'
(Font)                  OT1/cmr/bx/n --> OT1/lmr/bx/n on input line 31.
LaTeX Font Info:    Overwriting math alphabet `\mathsf' in version `normal'
(Font)                  OT1/cmss/m/n --> OT1/lmss/m/n on input line 32.
LaTeX Font Info:    Overwriting math alphabet `\mathit' in version `normal'
(Font)                  OT1/cmr/m/it --> OT1/lmr/m/it on input line 33.
LaTeX Font Info:    Overwriting math alphabet `\mathtt' in version `normal'
(Font)                  OT1/cmtt/m/n --> OT1/lmtt/m/n on input line 34.
LaTeX Font Info:    Overwriting math alphabet `\mathbf' in version `bold'
(Font)                  OT1/cmr/bx/n --> OT1/lmr/bx/n on input line 35.
LaTeX Font Info:    Overwriting math alphabet `\mathsf' in version `bold'
(Font)                  OT1/cmss/bx/n --> OT1/lmss/bx/n on input line 36.
LaTeX Font Info:    Overwriting math alphabet `\mathit' in version `bold'
(Font)                  OT1/cmr/bx/it --> OT1/lmr/bx/it on input line 37.
LaTeX Font Info:    Overwriting math alphabet `\mathtt' in version `bold'
(Font)                  OT1/cmtt/m/n --> OT1/lmtt/m/n on input line 38.
)
("C:\MiKTeX 2.9\tex\latex\tools\calc.sty"
Package: calc 2014/10/28 v4.3 Infix arithmetic (KKT,FJ)
\calc@Acount=\count129
\calc@Bcount=\count130
\calc@Adimen=\dimen122
\calc@Bdimen=\dimen123
\calc@Askip=\skip74
\calc@Bskip=\skip75
LaTeX Info: Redefining \setlength on input line 80.
LaTeX Info: Redefining \addtolength on input line 81.
\calc@Ccount=\count131
\calc@Cskip=\skip76
)
("C:\MiKTeX 2.9\tex\latex\tools\tabularx.sty"
Package: tabularx 2016/02/03 v2.11 `tabularx' package (DPC)

("C:\MiKTeX 2.9\tex\latex\tools\array.sty"
Package: array 2016/10/06 v2.4d Tabular extension package (FMi)
\col@sep=\dimen124
\extrarowheight=\dimen125
\NC@list=\toks24
\extratabsurround=\skip77
\backup@length=\skip78
)
\TX@col@width=\dimen126
\TX@old@table=\dimen127
\TX@old@col=\dimen128
\TX@target=\dimen129
\TX@delta=\dimen130
\TX@cols=\count132
\TX@ftn=\toks25
)
(C:\Users\Matt\AppData\Roaming\MiKTeX\2.9\tex\latex\ltablex\ltablex.sty
Package: ltablex 2014/08/13 v1.1 Modified tabularx

("C:\MiKTeX 2.9\tex\latex\tools\longtable.sty"
Package: longtable 2014/10/28 v4.11 Multi-page Table package (DPC)
\LTleft=\skip79
\LTright=\skip80
\LTpre=\skip81
\LTpost=\skip82
\LTchunksize=\count133
\LTcapwidth=\dimen131
\LT@head=\box28
\LT@firsthead=\box29
\LT@foot=\box30
\LT@lastfoot=\box31
\LT@cols=\count134
\LT@rows=\count135
\c@LT@tables=\count136
\c@LT@chunks=\count137
\LT@p@ftn=\toks26
))
(C:\Users\Matt\AppData\Roaming\MiKTeX\2.9\tex\latex\spreadtab\spreadtab.sty
Package: spreadtab 2014/11/03 v0.4c Spreadsheet features for table environments


(C:\Users\Matt\AppData\Roaming\MiKTeX\2.9\tex\latex\fp\fp.sty
Package: fp 1995/04/02

`Fixed Point Package', Version 0.8, April 2, 1995 (C) Michael Mehlich
(C:\Users\Matt\AppData\Roaming\MiKTeX\2.9\tex\latex\fp\defpattern.sty
Package: defpattern 1994/10/12
\actioncount=\count138
)
(C:\Users\Matt\AppData\Roaming\MiKTeX\2.9\tex\latex\fp\fp-basic.sty
Package: fp-basic 1996/05/13
\FP@xs=\count139
\FP@xia=\count140
\FP@xib=\count141
\FP@xfa=\count142
\FP@xfb=\count143
\FP@rega=\count144
\FP@regb=\count145
\FP@regs=\count146
\FP@times=\count147
)
(C:\Users\Matt\AppData\Roaming\MiKTeX\2.9\tex\latex\fp\fp-addons.sty
Package: fp-addons 1995/03/15
)
(C:\Users\Matt\AppData\Roaming\MiKTeX\2.9\tex\latex\fp\fp-snap.sty
Package: fp-snap 1995/04/05
)
(C:\Users\Matt\AppData\Roaming\MiKTeX\2.9\tex\latex\fp\fp-exp.sty
Package: fp-exp 1995/04/03
)
(C:\Users\Matt\AppData\Roaming\MiKTeX\2.9\tex\latex\fp\fp-trigo.sty
Package: fp-trigo 1995/04/14
)
(C:\Users\Matt\AppData\Roaming\MiKTeX\2.9\tex\latex\fp\fp-pas.sty
Package: fp-pas 1994/08/29
)
(C:\Users\Matt\AppData\Roaming\MiKTeX\2.9\tex\latex\fp\fp-random.sty
Package: fp-random 1995/02/23
\FPseed=\count148
)
(C:\Users\Matt\AppData\Roaming\MiKTeX\2.9\tex\latex\fp\fp-eqn.sty
Package: fp-eqn 1995/04/03
)
(C:\Users\Matt\AppData\Roaming\MiKTeX\2.9\tex\latex\fp\fp-upn.sty
Package: fp-upn 1996/10/21
)
(C:\Users\Matt\AppData\Roaming\MiKTeX\2.9\tex\latex\fp\fp-eval.sty
Package: fp-eval 1995/04/03
))
(C:\Users\Matt\AppData\Roaming\MiKTeX\2.9\tex\latex\xstring\xstring.sty
(C:\Users\Matt\AppData\Roaming\MiKTeX\2.9\tex\generic\xstring\xstring.tex
\@xs@message=\write3
\integerpart=\count149
\decimalpart=\count150
)
Package: xstring 2013/10/13  v1.7c  String manipulations (C Tellechea)
)
\ST@count=\count151
\ST@colcount=\count152
\ST@colcount@i=\count153
\ST@rowcount=\count154
\ST@rowcount@i=\count155
\ST@intpart=\count156
)
(C:\Users\Matt\AppData\Roaming\MiKTeX\2.9\tex\latex\numprint\numprint.sty
Package: numprint 2012/08/20 v1.39 Print numbers (HH)
\c@nprt@mantissa@digitsbefore=\count157
\c@nprt@mantissa@digitsafter=\count158
\c@nprt@exponent@digitsbefore=\count159
\c@nprt@exponent@digitsafter=\count160
\nprt@digitwidth=\skip83
\nprt@sepwidth=\skip84
\nprt@decimalwidth=\skip85
\nprt@blockwidth=\skip86
\nprt@digittoks=\toks27
\nprt@pretoks=\toks28
\nprt@posttoks=\toks29
\nprt@thisdigit=\count161
\nprt@curpos=\count162
\nprt@rndpos=\count163
\c@nprt@digitsfirstblock=\count164
\c@nprt@blockcnt=\count165
\c@nprt@cntprint=\count166

No configuration file `numprint.cfg' found.)
(C:\Users\Matt\AppData\Roaming\MiKTeX\2.9\tex\latex\import\import.sty
Package: import 2009/03/23  v 5.1
)
(C:\Users\Matt\AppData\Roaming\MiKTeX\2.9\tex\latex\subfiles\subfiles.sty
Package: subfiles 2012/05/23 Federico Garcia

("C:\MiKTeX 2.9\tex\latex\tools\verbatim.sty"
Package: verbatim 2014/10/28 v1.5q LaTeX2e package for verbatim enhancements
\every@verbatim=\toks30
\verbatim@line=\toks31
\verbatim@in@stream=\read1
))
("C:\MiKTeX 2.9\tex\latex\tools\enumerate.sty"
Package: enumerate 2015/07/23 v3.00 enumerate extensions (DPC)
\@enLab=\toks32
)
(C:\Users\Matt\AppData\Roaming\MiKTeX\2.9\tex\latex\etaremune\etaremune.sty
Package: etaremune 2005/06/01 v1.2 Reversed enumerate (HA)
\c@EM@itemctr=\count167
\c@EM@etaremunectr=\count168
)
(C:\Users\Matt\AppData\Roaming\MiKTeX\2.9\tex\latex\biblatex\biblatex.sty
Package: biblatex 2018/03/04 v3.11 programmable bibliographies (PK/MW)

(C:\Users\Matt\AppData\Roaming\MiKTeX\2.9\tex\latex\logreq\logreq.sty
Package: logreq 2010/08/04 v1.0 xml request logger
\lrq@indent=\count169

(C:\Users\Matt\AppData\Roaming\MiKTeX\2.9\tex\latex\logreq\logreq.def
File: logreq.def 2010/08/04 v1.0 logreq spec v1.0
))
\c@tabx@nest=\count170
\c@listtotal=\count171
\c@listcount=\count172
\c@liststart=\count173
\c@liststop=\count174
\c@citecount=\count175
\c@citetotal=\count176
\c@multicitecount=\count177
\c@multicitetotal=\count178
\c@instcount=\count179
\c@maxnames=\count180
\c@minnames=\count181
\c@maxitems=\count182
\c@minitems=\count183
\c@citecounter=\count184
\c@savedcitecounter=\count185
\c@uniquelist=\count186
\c@uniquename=\count187
\c@refsection=\count188
\c@refsegment=\count189
\c@maxextratitle=\count190
\c@maxextratitleyear=\count191
\c@maxextradate=\count192
\c@maxextraalpha=\count193
\c@abbrvpenalty=\count194
\c@highnamepenalty=\count195
\c@lownamepenalty=\count196
\c@maxparens=\count197
\c@parenlevel=\count198
\blx@tempcnta=\count199
\blx@tempcntb=\count266
\blx@tempcntc=\count267
\blx@maxsection=\count268
\blx@maxsegment@0=\count269
\blx@notetype=\count270
\blx@parenlevel@text=\count271
\blx@parenlevel@foot=\count272
\blx@sectionciteorder@0=\count273
\labelnumberwidth=\skip87
\labelalphawidth=\skip88
\biblabelsep=\skip89
\bibitemsep=\skip90
\bibnamesep=\skip91
\bibinitsep=\skip92
\bibparsep=\skip93
\bibhang=\skip94
\blx@bcfin=\read2
\blx@bcfout=\write4
\c@mincomprange=\count274
\c@maxcomprange=\count275
\c@mincompwidth=\count276
Package biblatex Info: Trying to load biblatex default data model...
Package biblatex Info: ... file 'blx-dm.def' found.

(C:\Users\Matt\AppData\Roaming\MiKTeX\2.9\tex\latex\biblatex\blx-dm.def
File: blx-dm.def 2018/03/04 v3.11 biblatex localization (PK/MW)
)
Package biblatex Info: Trying to load biblatex bibstyle data model...
Package biblatex Info: ... file 'authoryear-comp.dbx' not found.
Package biblatex Info: Trying to load biblatex custom data model...
Package biblatex Info: ... file 'biblatex-dm.cfg' not found.
\c@afterword=\count277
\c@savedafterword=\count278
\c@annotator=\count279
\c@savedannotator=\count280
\c@author=\count281
\c@savedauthor=\count282
\c@bookauthor=\count283
\c@savedbookauthor=\count284
\c@commentator=\count285
\c@savedcommentator=\count286
\c@editor=\count287
\c@savededitor=\count288
\c@editora=\count289
\c@savededitora=\count290
\c@editorb=\count291
\c@savededitorb=\count292
\c@editorc=\count293
\c@savededitorc=\count294
\c@foreword=\count295
\c@savedforeword=\count296
\c@holder=\count297
\c@savedholder=\count298
\c@introduction=\count299
\c@savedintroduction=\count300
\c@namea=\count301
\c@savednamea=\count302
\c@nameb=\count303
\c@savednameb=\count304
\c@namec=\count305
\c@savednamec=\count306
\c@translator=\count307
\c@savedtranslator=\count308
\c@shortauthor=\count309
\c@savedshortauthor=\count310
\c@shorteditor=\count311
\c@savedshorteditor=\count312
\c@labelname=\count313
\c@savedlabelname=\count314
\c@institution=\count315
\c@savedinstitution=\count316
\c@lista=\count317
\c@savedlista=\count318
\c@listb=\count319
\c@savedlistb=\count320
\c@listc=\count321
\c@savedlistc=\count322
\c@listd=\count323
\c@savedlistd=\count324
\c@liste=\count325
\c@savedliste=\count326
\c@listf=\count327
\c@savedlistf=\count328
\c@location=\count329
\c@savedlocation=\count330
\c@organization=\count331
\c@savedorganization=\count332
\c@origlocation=\count333
\c@savedoriglocation=\count334
\c@origpublisher=\count335
\c@savedorigpublisher=\count336
\c@publisher=\count337
\c@savedpublisher=\count338
\c@language=\count339
\c@savedlanguage=\count340
\c@origlanguage=\count341
\c@savedoriglanguage=\count342
\c@pageref=\count343
\c@savedpageref=\count344
\shorthandwidth=\skip95
\shortjournalwidth=\skip96
\shortserieswidth=\skip97
\shorttitlewidth=\skip98
\shortauthorwidth=\skip99
\shorteditorwidth=\skip100
\locallabelnumberwidth=\skip101
\locallabelalphawidth=\skip102
\localshorthandwidth=\skip103
\localshortjournalwidth=\skip104
\localshortserieswidth=\skip105
\localshorttitlewidth=\skip106
\localshortauthorwidth=\skip107
\localshorteditorwidth=\skip108
Package biblatex Info: Trying to load compatibility code...
Package biblatex Info: ... file 'blx-compat.def' found.

(C:\Users\Matt\AppData\Roaming\MiKTeX\2.9\tex\latex\biblatex\blx-compat.def
File: blx-compat.def 2018/03/04 v3.11 biblatex compatibility (PK/MW)
)
Package biblatex Info: Trying to load generic definitions...
Package biblatex Info: ... file 'biblatex.def' found.

(C:\Users\Matt\AppData\Roaming\MiKTeX\2.9\tex\latex\biblatex\biblatex.def
File: biblatex.def 2018/03/04 v3.11 biblatex compatibility (PK/MW)
\c@textcitecount=\count345
\c@textcitetotal=\count346
\c@textcitemaxnames=\count347
\c@biburlnumpenalty=\count348
\c@biburlucpenalty=\count349
\c@biburllcpenalty=\count350
\c@smartand=\count351
)
Package biblatex Info: Trying to load bibliography style 'authoryear-comp'...
Package biblatex Info: ... file 'authoryear-comp.bbx' found.

(C:\Users\Matt\AppData\Roaming\MiKTeX\2.9\tex\latex\biblatex\bbx\authoryear-com
p.bbx
File: authoryear-comp.bbx 2018/03/04 v3.11 biblatex bibliography style (PK/MW)
Package biblatex Info: Trying to load bibliography style 'authoryear'...
Package biblatex Info: ... file 'authoryear.bbx' found.

(C:\Users\Matt\AppData\Roaming\MiKTeX\2.9\tex\latex\biblatex\bbx\authoryear.bbx
File: authoryear.bbx 2018/03/04 v3.11 biblatex bibliography style (PK/MW)
Package biblatex Info: Trying to load bibliography style 'standard'...
Package biblatex Info: ... file 'standard.bbx' found.
(C:\Users\Matt\AppData\Roaming\MiKTeX\2.9\tex\latex\biblatex\bbx\standard.bbx
File: standard.bbx 2018/03/04 v3.11 biblatex bibliography style (PK/MW)
\c@bbx:relatedcount=\count352
\c@bbx:relatedtotal=\count353
)))
Package biblatex Info: Trying to load citation style 'numeric'...
Package biblatex Info: ... file 'numeric.cbx' found.
 (C:\Users\Matt\AppData\Roaming\MiKTeX\2.9\tex\latex\biblatex\cbx\numeric.cbx
File: numeric.cbx 2018/03/04 v3.11 biblatex citation style (PK/MW)
Package biblatex Info: Redefining '\cite'.
Package biblatex Info: Redefining '\parencite'.
Package biblatex Info: Redefining '\footcite'.
Package biblatex Info: Redefining '\footcitetext'.
Package biblatex Info: Redefining '\smartcite'.
Package biblatex Info: Redefining '\supercite'.
Package biblatex Info: Redefining '\textcite'.
Package biblatex Info: Redefining '\textcites'.
Package biblatex Info: Redefining '\cites'.
Package biblatex Info: Redefining '\parencites'.
Package biblatex Info: Redefining '\smartcites'.
)
Package biblatex Info: Trying to load configuration file...
Package biblatex Info: ... file 'biblatex.cfg' found.
(C:\Users\Matt\AppData\Roaming\MiKTeX\2.9\tex\latex\biblatex\biblatex.cfg
File: biblatex.cfg 
)

Package biblatex Warning: 'firstinits' option is deprecated.
(biblatex)                Please use 'giveninits' instead.

) (C:\Users\Matt\AppData\Roaming\MiKTeX\2.9\tex\latex\xpatch\xpatch.sty
(C:\Users\Matt\AppData\Roaming\MiKTeX\2.9\tex\latex\l3kernel\expl3.sty
Package: expl3 2017/07/19 L3 programming layer (loader) 

(C:\Users\Matt\AppData\Roaming\MiKTeX\2.9\tex\latex\l3kernel\expl3-code.tex
Package: expl3 2017/07/19 L3 programming layer (code)
\c_max_int=\count354
\l_tmpa_int=\count355
\l_tmpb_int=\count356
\g_tmpa_int=\count357
\g_tmpb_int=\count358
\g__intarray_font_int=\count359
\g__prg_map_int=\count360
\c_log_iow=\count361
\l_iow_line_count_int=\count362
\l__iow_line_target_int=\count363
\l__iow_one_indent_int=\count364
\l__iow_indent_int=\count365
\c_zero_dim=\dimen132
\c_max_dim=\dimen133
\l_tmpa_dim=\dimen134
\l_tmpb_dim=\dimen135
\g_tmpa_dim=\dimen136
\g_tmpb_dim=\dimen137
\c_zero_skip=\skip109
\c_max_skip=\skip110
\l_tmpa_skip=\skip111
\l_tmpb_skip=\skip112
\g_tmpa_skip=\skip113
\g_tmpb_skip=\skip114
\c_zero_muskip=\muskip11
\c_max_muskip=\muskip12
\l_tmpa_muskip=\muskip13
\l_tmpb_muskip=\muskip14
\g_tmpa_muskip=\muskip15
\g_tmpb_muskip=\muskip16
\l_keys_choice_int=\count366
\c__fp_leading_shift_int=\count367
\c__fp_middle_shift_int=\count368
\c__fp_trailing_shift_int=\count369
\c__fp_big_leading_shift_int=\count370
\c__fp_big_middle_shift_int=\count371
\c__fp_big_trailing_shift_int=\count372
\c__fp_Bigg_leading_shift_int=\count373
\c__fp_Bigg_middle_shift_int=\count374
\c__fp_Bigg_trailing_shift_int=\count375
\c__fp_rand_size_int=\count376
\c__fp_rand_four_int=\count377
\c__fp_rand_eight_int=\count378
\l__sort_length_int=\count379
\l__sort_min_int=\count380
\l__sort_top_int=\count381
\l__sort_max_int=\count382
\l__sort_true_max_int=\count383
\l__sort_block_int=\count384
\l__sort_begin_int=\count385
\l__sort_end_int=\count386
\l__sort_A_int=\count387
\l__sort_B_int=\count388
\l__sort_C_int=\count389
\l__tl_build_start_index_int=\count390
\l__tl_build_index_int=\count391
\l__tl_analysis_normal_int=\count392
\l__tl_analysis_index_int=\count393
\l__tl_analysis_nesting_int=\count394
\l__tl_analysis_type_int=\count395
\l__regex_internal_a_int=\count396
\l__regex_internal_b_int=\count397
\l__regex_internal_c_int=\count398
\l__regex_balance_int=\count399
\l__regex_group_level_int=\count400
\l__regex_mode_int=\count401
\c__regex_cs_in_class_mode_int=\count402
\c__regex_cs_mode_int=\count403
\l__regex_catcodes_int=\count404
\l__regex_default_catcodes_int=\count405
\c__regex_catcode_D_int=\count406
\c__regex_catcode_S_int=\count407
\c__regex_catcode_L_int=\count408
\c__regex_catcode_O_int=\count409
\c__regex_catcode_A_int=\count410
\c__regex_all_catcodes_int=\count411
\l__regex_show_lines_int=\count412
\l__regex_min_state_int=\count413
\l__regex_max_state_int=\count414
\l__regex_left_state_int=\count415
\l__regex_right_state_int=\count416
\l__regex_capturing_group_int=\count417
\l__regex_min_pos_int=\count418
\l__regex_max_pos_int=\count419
\l__regex_curr_pos_int=\count420
\l__regex_start_pos_int=\count421
\l__regex_success_pos_int=\count422
\l__regex_curr_char_int=\count423
\l__regex_curr_catcode_int=\count424
\l__regex_last_char_int=\count425
\l__regex_case_changed_char_int=\count426
\l__regex_curr_state_int=\count427
\l__regex_step_int=\count428
\l__regex_min_active_int=\count429
\l__regex_max_active_int=\count430
\l__regex_replacement_csnames_int=\count431
\l__regex_match_count_int=\count432
\l__regex_min_submatch_int=\count433
\l__regex_submatch_int=\count434
\l__regex_zeroth_submatch_int=\count435
\g__debug_trace_regex_int=\count436
\c_empty_box=\box32
\l_tmpa_box=\box33
\l_tmpb_box=\box34
\g_tmpa_box=\box35
\g_tmpb_box=\box36
\l__box_top_dim=\dimen138
\l__box_bottom_dim=\dimen139
\l__box_left_dim=\dimen140
\l__box_right_dim=\dimen141
\l__box_top_new_dim=\dimen142
\l__box_bottom_new_dim=\dimen143
\l__box_left_new_dim=\dimen144
\l__box_right_new_dim=\dimen145
\l__box_internal_box=\box37
\l__coffin_internal_box=\box38
\l__coffin_internal_dim=\dimen146
\l__coffin_offset_x_dim=\dimen147
\l__coffin_offset_y_dim=\dimen148
\l__coffin_x_dim=\dimen149
\l__coffin_y_dim=\dimen150
\l__coffin_x_prime_dim=\dimen151
\l__coffin_y_prime_dim=\dimen152
\c_empty_coffin=\box39
\l__coffin_aligned_coffin=\box40
\l__coffin_aligned_internal_coffin=\box41
\l_tmpa_coffin=\box42
\l_tmpb_coffin=\box43
\l__coffin_display_coffin=\box44
\l__coffin_display_coord_coffin=\box45
\l__coffin_display_pole_coffin=\box46
\l__coffin_display_offset_dim=\dimen153
\l__coffin_display_x_dim=\dimen154
\l__coffin_display_y_dim=\dimen155
\l__coffin_bounding_shift_dim=\dimen156
\l__coffin_left_corner_dim=\dimen157
\l__coffin_right_corner_dim=\dimen158
\l__coffin_bottom_corner_dim=\dimen159
\l__coffin_top_corner_dim=\dimen160
\l__coffin_scaled_total_height_dim=\dimen161
\l__coffin_scaled_width_dim=\dimen162
)
(C:\Users\Matt\AppData\Roaming\MiKTeX\2.9\tex\latex\l3kernel\l3pdfmode.def
File: l3pdfmode.def 2017/03/18 v L3 Experimental driver: PDF mode
\l__driver_color_stack_int=\count437
\l__driver_tmp_box=\box47
))
Package: xpatch 2012/10/02 v0.3 Extending etoolbox patching commands

(C:\Users\Matt\AppData\Roaming\MiKTeX\2.9\tex\latex\l3packages\xparse\xparse.st
y
Package: xparse 2017/07/19 L3 Experimental document command parser
\l__xparse_current_arg_int=\count438
\g__xparse_grabber_int=\count439
\l__xparse_m_args_int=\count440
\l__xparse_mandatory_args_int=\count441
\l__xparse_v_nesting_int=\count442
)
.................................................
. LaTeX info: "xparse/define-command"
. 
. Defining command \xpatchcmd with sig. '' on line 125.
.................................................
.................................................
. LaTeX info: "xparse/define-command"
. 
. Defining command \xpretocmd with sig. '' on line 126.
.................................................
.................................................
. LaTeX info: "xparse/define-command"
. 
. Defining command \xapptocmd with sig. '' on line 127.
.................................................
.................................................
. LaTeX info: "xparse/define-command"
. 
. Defining command \xshowcmd with sig. '' on line 128.
.................................................
.................................................
. LaTeX info: "xparse/define-command"
. 
. Defining command \xpatchbibmacro with sig. 'm' on line 131.
.................................................
.................................................
. LaTeX info: "xparse/define-command"
. 
. Defining command \xpretobibmacro with sig. 'm' on line 133.
.................................................
.................................................
. LaTeX info: "xparse/define-command"
. 
. Defining command \xapptobibmacro with sig. 'm' on line 135.
.................................................
.................................................
. LaTeX info: "xparse/define-command"
. 
. Defining command \xshowbibmacro with sig. 'm' on line 137.
.................................................
.................................................
. LaTeX info: "xparse/define-command"
. 
. Defining command \xpatchfieldformat with sig. 'O{*}m' on line 139.
.................................................
.................................................
. LaTeX info: "xparse/define-command"
. 
. Defining command \xpretofieldformat with sig. 'O{*}m' on line 141.
.................................................
.................................................
. LaTeX info: "xparse/define-command"
. 
. Defining command \xapptofieldformat with sig. 'O{*}m' on line 143.
.................................................
.................................................
. LaTeX info: "xparse/define-command"
. 
. Defining command \xshowfieldformat with sig. 'O{*}m' on line 145.
.................................................
.................................................
. LaTeX info: "xparse/define-command"
. 
. Defining command \xpatchnameformat with sig. 'O{*}m' on line 147.
.................................................
.................................................
. LaTeX info: "xparse/define-command"
. 
. Defining command \xpretonameformat with sig. 'O{*}m' on line 149.
.................................................
.................................................
. LaTeX info: "xparse/define-command"
. 
. Defining command \xapptonameformat with sig. 'O{*}m' on line 151.
.................................................
.................................................
. LaTeX info: "xparse/define-command"
. 
. Defining command \xshownameformat with sig. 'O{*}m' on line 153.
.................................................
.................................................
. LaTeX info: "xparse/define-command"
. 
. Defining command \xpatchlistformat with sig. 'O{*}m' on line 155.
.................................................
.................................................
. LaTeX info: "xparse/define-command"
. 
. Defining command \xpretolistformat with sig. 'O{*}m' on line 157.
.................................................
.................................................
. LaTeX info: "xparse/define-command"
. 
. Defining command \xapptolistformat with sig. 'O{*}m' on line 159.
.................................................
.................................................
. LaTeX info: "xparse/define-command"
. 
. Defining command \xshowlistformat with sig. 'O{*}m' on line 161.
.................................................
.................................................
. LaTeX info: "xparse/define-command"
. 
. Defining command \xpatchindexfieldformat with sig. 'O{*}m' on line 163.
.................................................
.................................................
. LaTeX info: "xparse/define-command"
. 
. Defining command \xpretoindexfieldformat with sig. 'O{*}m' on line 165.
.................................................
.................................................
. LaTeX info: "xparse/define-command"
. 
. Defining command \xapptoindexfieldformat with sig. 'O{*}m' on line 167.
.................................................
.................................................
. LaTeX info: "xparse/define-command"
. 
. Defining command \xshowindexfieldformat with sig. 'O{*}m' on line 169.
.................................................
.................................................
. LaTeX info: "xparse/define-command"
. 
. Defining command \xpatchindexnameformat with sig. 'O{*}m' on line 171.
.................................................
.................................................
. LaTeX info: "xparse/define-command"
. 
. Defining command \xpretoindexnameformat with sig. 'O{*}m' on line 173.
.................................................
.................................................
. LaTeX info: "xparse/define-command"
. 
. Defining command \xapptoindexnameformat with sig. 'O{*}m' on line 175.
.................................................
.................................................
. LaTeX info: "xparse/define-command"
. 
. Defining command \xshowindexnameformat with sig. 'O{*}m' on line 177.
.................................................
.................................................
. LaTeX info: "xparse/define-command"
. 
. Defining command \xpatchindexlistformat with sig. 'O{*}m' on line 179.
.................................................
.................................................
. LaTeX info: "xparse/define-command"
. 
. Defining command \xpretoindexlistformat with sig. 'O{*}m' on line 181.
.................................................
.................................................
. LaTeX info: "xparse/define-command"
. 
. Defining command \xappindextolistformat with sig. 'O{*}m' on line 183.
.................................................
.................................................
. LaTeX info: "xparse/define-command"
. 
. Defining command \xshowindexlistformat with sig. 'O{*}m' on line 185.
.................................................
.................................................
. LaTeX info: "xparse/define-command"
. 
. Defining command \xpatchbibdriver with sig. 'm' on line 187.
.................................................
.................................................
. LaTeX info: "xparse/define-command"
. 
. Defining command \xpretobibdriver with sig. 'm' on line 189.
.................................................
.................................................
. LaTeX info: "xparse/define-command"
. 
. Defining command \xapptobibdriver with sig. 'm' on line 191.
.................................................
.................................................
. LaTeX info: "xparse/define-command"
. 
. Defining command \xshowbibdriver with sig. 'm' on line 193.
.................................................
)
\c@papers=\count443
\c@sumpapers=\count444
)
\c@magicrownumbers=\count445
 (C:\Users\Matt\AppData\Roaming\MiKTeX\2.9\tex\latex\xcolor\xcolor.sty
Package: xcolor 2016/05/11 v2.12 LaTeX color extensions (UK)

("C:\MiKTeX 2.9\tex\latex\graphics-cfg\color.cfg"
File: color.cfg 2016/01/02 v1.6 sample color configuration
)
Package xcolor Info: Driver file: pdftex.def on input line 225.
LaTeX Info: Redefining \color on input line 709.
Package xcolor Info: Model `cmy' substituted by `cmy0' on input line 1348.
Package xcolor Info: Model `hsb' substituted by `rgb' on input line 1352.
Package xcolor Info: Model `RGB' extended on input line 1364.
Package xcolor Info: Model `HTML' substituted by `rgb' on input line 1366.
Package xcolor Info: Model `Hsb' substituted by `hsb' on input line 1367.
Package xcolor Info: Model `tHsb' substituted by `hsb' on input line 1368.
Package xcolor Info: Model `HSB' substituted by `hsb' on input line 1369.
Package xcolor Info: Model `Gray' substituted by `gray' on input line 1370.
Package xcolor Info: Model `wave' substituted by `hsb' on input line 1371.
)
("C:\MiKTeX 2.9\tex\latex\tools\multicol.sty"
Package: multicol 2017/04/11 v1.8q multicolumn formatting (FMi)
\c@tracingmulticols=\count446
\mult@box=\box48
\multicol@leftmargin=\dimen163
\c@unbalance=\count447
\c@collectmore=\count448
\doublecol@number=\count449
\multicoltolerance=\count450
\multicolpretolerance=\count451
\full@width=\dimen164
\page@free=\dimen165
\premulticols=\dimen166
\postmulticols=\dimen167
\multicolsep=\skip115
\multicolbaselineskip=\skip116
\partial@page=\box49
\last@line=\box50
\maxbalancingoverflow=\dimen168
\mult@rightbox=\box51
\mult@grightbox=\box52
\mult@gfirstbox=\box53
\mult@firstbox=\box54
\@tempa=\box55
\@tempa=\box56
\@tempa=\box57
\@tempa=\box58
\@tempa=\box59
\@tempa=\box60
\@tempa=\box61
\@tempa=\box62
\@tempa=\box63
\@tempa=\box64
\@tempa=\box65
\@tempa=\box66
\@tempa=\box67
\@tempa=\box68
\@tempa=\box69
\@tempa=\box70
\@tempa=\box71
\c@columnbadness=\count452
\c@finalcolumnbadness=\count453
\last@try=\dimen169
\multicolovershoot=\dimen170
\multicolundershoot=\dimen171
\mult@nat@firstbox=\box72
\colbreak@box=\box73
\mc@col@check@num=\count454
)
(C:\Users\Matt\AppData\Roaming\MiKTeX\2.9\tex\latex\changepage\changepage.sty
Package: changepage 2009/10/20 v1.0c check page and change page layout
\c@cp@cntr=\count455
\cp@tempcnt=\count456
)
(C:\Users\Matt\AppData\Roaming\MiKTeX\2.9\tex\latex\nowidow\nowidow.sty
Package: nowidow 2011/09/20 1.0 Easily prevent widows and orphans
Package: nowidow 
)
(C:\Users\Matt\AppData\Roaming\MiKTeX\2.9\tex\latex\csquotes\csquotes.sty
Package: csquotes 2018/02/11 v5.2c context-sensitive quotations (JAW)
\csq@reset=\count457
\csq@gtype=\count458
\csq@glevel=\count459
\csq@qlevel=\count460
\csq@maxlvl=\count461
\csq@tshold=\count462
\csq@ltx@everypar=\toks33

(C:\Users\Matt\AppData\Roaming\MiKTeX\2.9\tex\latex\csquotes\csquotes.def
File: csquotes.def 2018/02/11 v5.2c csquotes generic definitions (JAW)
)
Package csquotes Info: Trying to load configuration file 'csquotes.cfg'...
Package csquotes Info: ... configuration file loaded successfully.

(C:\Users\Matt\AppData\Roaming\MiKTeX\2.9\tex\latex\csquotes\csquotes.cfg
File: csquotes.cfg 
)
Package csquotes Info: Enabling multilingual quotes.
Package csquotes Info: Redefining alias 'english' -> 'english/american'.
)
Package csquotes Info: Allocating character ".
Package hyperref Info: Option `colorlinks' set `true' on input line 23.

("C:\MiKTeX 2.9\tex\generic\babel\babel.sty"
Package: babel 2017/05/19 3.10 The Babel package

*************************************
* Local config file bblopts.cfg used
*
(C:\Users\Matt\AppData\Roaming\MiKTeX\2.9\tex\latex\arabi\bblopts.cfg
File: bblopts.cfg 2005/09/08 v0.1 add Arabic and Farsi to "declared" options of
 babel
)
("C:\MiKTeX 2.9\tex\latex\babel-english\english.ldf"
Language: english 2017/01/24 v3.3q English support from the babel system

("C:\MiKTeX 2.9\tex\generic\babel\babel.def"
File: babel.def 2017/05/19 3.10 Babel common definitions
\babel@savecnt=\count463
\U@D=\dimen172
)
\l@canadian = a dialect from \language\l@american 
\l@australian = a dialect from \language\l@british 
\l@newzealand = a dialect from \language\l@british 
))
! Illegal parameter number in definition of \blx@defformat@d.
<to be read again> 
                   4
l.50 \makeauthorbold{Hauer}
                           
You meant to type ## instead of #, right?
Or maybe a } was forgotten somewhere earlier, and things
are all screwed up? I'm going to assume that you meant ##.

! Illegal parameter number in definition of \blx@defformat@d.
<to be read again> 
                   4
l.50 \makeauthorbold{Hauer}
                           
You meant to type ## instead of #, right?
Or maybe a } was forgotten somewhere earlier, and things
are all screwed up? I'm going to assume that you meant ##.

! Illegal parameter number in definition of \blx@defformat@d.
<to be read again> 
                   4
l.50 \makeauthorbold{Hauer}
                           
You meant to type ## instead of #, right?
Or maybe a } was forgotten somewhere earlier, and things
are all screwed up? I'm going to assume that you meant ##.

! Illegal parameter number in definition of \blx@defformat@d.
<to be read again> 
                   4
l.50 \makeauthorbold{Hauer}
                           
You meant to type ## instead of #, right?
Or maybe a } was forgotten somewhere earlier, and things
are all screwed up? I'm going to assume that you meant ##.

! Illegal parameter number in definition of \blx@defformat@d.
<to be read again> 
                   4
l.50 \makeauthorbold{Hauer}
                           
You meant to type ## instead of #, right?
Or maybe a } was forgotten somewhere earlier, and things
are all screwed up? I'm going to assume that you meant ##.

! Illegal parameter number in definition of \blx@defformat@d.
<to be read again> 
                   4
l.50 \makeauthorbold{Hauer}
                           
You meant to type ## instead of #, right?
Or maybe a } was forgotten somewhere earlier, and things
are all screwed up? I'm going to assume that you meant ##.

! Illegal parameter number in definition of \blx@defformat@d.
<to be read again> 
                   4
l.50 \makeauthorbold{Hauer}
                           
You meant to type ## instead of #, right?
Or maybe a } was forgotten somewhere earlier, and things
are all screwed up? I'm going to assume that you meant ##.

! Illegal parameter number in definition of \blx@defformat@d.
<to be read again> 
                   4
l.50 \makeauthorbold{Hauer}
                           
You meant to type ## instead of #, right?
Or maybe a } was forgotten somewhere earlier, and things
are all screwed up? I'm going to assume that you meant ##.

Package biblatex Info: Trying to load language 'english'...
Package biblatex Info: ... file 'english.lbx' found.
(C:\Users\Matt\AppData\Roaming\MiKTeX\2.9\tex\latex\biblatex\lbx\english.lbx
File: english.lbx 2018/03/04 v3.11 biblatex localization (PK/MW)
)
Package csquotes Info: Checking for multilingual support...
Package csquotes Info: ... found 'babel' package.

(Hauer_CV.aux)
\openout1 = `Hauer_CV.aux'.

LaTeX Font Info:    Checking defaults for OML/cmm/m/it on input line 54.
LaTeX Font Info:    ... okay on input line 54.
LaTeX Font Info:    Checking defaults for T1/cmr/m/n on input line 54.
LaTeX Font Info:    ... okay on input line 54.
LaTeX Font Info:    Checking defaults for OT1/cmr/m/n on input line 54.
LaTeX Font Info:    ... okay on input line 54.
LaTeX Font Info:    Checking defaults for OMS/cmsy/m/n on input line 54.
LaTeX Font Info:    ... okay on input line 54.
LaTeX Font Info:    Checking defaults for OMX/cmex/m/n on input line 54.
LaTeX Font Info:    ... okay on input line 54.
LaTeX Font Info:    Checking defaults for U/cmr/m/n on input line 54.
LaTeX Font Info:    ... okay on input line 54.
LaTeX Font Info:    Checking defaults for PD1/pdf/m/n on input line 54.
LaTeX Font Info:    ... okay on input line 54.
LaTeX Font Info:    Try loading font information for OT1+lmr on input line 54.
 ("C:\MiKTeX 2.9\tex\latex\lm\ot1lmr.fd"
File: ot1lmr.fd 2009/10/30 v1.6 Font defs for Latin Modern
)
ABD: EverySelectfont initializing macros
LaTeX Info: Redefining \selectfont on input line 54.
\AtBeginShipoutBox=\box74
Package hyperref Info: Link coloring ON on input line 54.

("C:\MiKTeX 2.9\tex\latex\hyperref\nameref.sty"
Package: nameref 2016/05/21 v2.44 Cross-referencing by name of section

("C:\MiKTeX 2.9\tex\generic\oberdiek\gettitlestring.sty"
Package: gettitlestring 2016/05/16 v1.5 Cleanup title references (HO)
)
\c@section@level=\count464
)
LaTeX Info: Redefining \ref on input line 54.
LaTeX Info: Redefining \pageref on input line 54.
LaTeX Info: Redefining \nameref on input line 54.
 (Hauer_CV.out)
(Hauer_CV.out)
\@outlinefile=\write5
\openout5 = `Hauer_CV.out'.


(C:\Users\Matt\AppData\Roaming\MiKTeX\2.9\tex\context\base\supp-pdf.mkii
[Loading MPS to PDF converter (version 2006.09.02).]
\scratchcounter=\count465
\scratchdimen=\dimen173
\scratchbox=\box75
\nofMPsegments=\count466
\nofMParguments=\count467
\everyMPshowfont=\toks34
\MPscratchCnt=\count468
\MPscratchDim=\dimen174
\MPnumerator=\count469
\makeMPintoPDFobject=\count470
\everyMPtoPDFconversion=\toks35
)
*geometry* driver: auto-detecting
*geometry* detected driver: pdftex
*geometry* verbose mode - [ preamble ] result:
* driver: pdftex
* paper: letterpaper
* layout: <same size as paper>
* layoutoffset:(h,v)=(0.0pt,0.0pt)
* hratio: 1:1
* vratio: 1:1
* modes: 
* h-part:(L,W,R)=(58.18588pt, 497.92322pt, 58.1859pt)
* v-part:(T,H,B)=(63.16512pt, 668.63976pt, 63.16512pt)
* \paperwidth=614.295pt
* \paperheight=794.96999pt
* \textwidth=497.92322pt
* \textheight=668.63976pt
* \oddsidemargin=-14.0841pt
* \evensidemargin=-14.0841pt
* \topmargin=-46.10487pt
* \headheight=15.0pt
* \headsep=25.0pt
* \topskip=11.0pt
* \footskip=30.0pt
* \marginparwidth=59.0pt
* \marginparsep=10.0pt
* \columnsep=10.0pt
* \skip\footins=10.0pt plus 4.0pt minus 2.0pt
* \hoffset=0.0pt
* \voffset=0.0pt
* \mag=1000
* \@twocolumnfalse
* \@twosidefalse
* \@mparswitchfalse
* \@reversemarginfalse
* (1in=72.27pt=25.4mm, 1cm=28.453pt)

Package biblatex Info: No input encoding detected.
(biblatex)             Assuming 'ascii'.
Package biblatex Info: Automatic encoding selection.
(biblatex)             Assuming data encoding 'ascii'.
\openout4 = `Hauer_CV.bcf'.

Package biblatex Info: Trying to load bibliographic data...
Package biblatex Info: ... file 'Hauer_CV.bbl' not found.
No file Hauer_CV.bbl.
Package biblatex Info: Reference section=0 on input line 54.
Package biblatex Info: Reference segment=0 on input line 54.
Package csquotes Info: Making character " active on input line 54.
LaTeX Font Info:    Try loading font information for OML+lmm on input line 56.
("C:\MiKTeX 2.9\tex\latex\lm\omllmm.fd"
File: omllmm.fd 2009/10/30 v1.6 Font defs for Latin Modern
)
LaTeX Font Info:    Try loading font information for OMS+lmsy on input line 56.

 ("C:\MiKTeX 2.9\tex\latex\lm\omslmsy.fd"
File: omslmsy.fd 2009/10/30 v1.6 Font defs for Latin Modern
)
LaTeX Font Info:    Try loading font information for OMX+lmex on input line 56.

 ("C:\MiKTeX 2.9\tex\latex\lm\omxlmex.fd"
File: omxlmex.fd 2009/10/30 v1.6 Font defs for Latin Modern
)
LaTeX Font Info:    External font `lmex10' loaded for size
(Font)              <10.95> on input line 56.
LaTeX Font Info:    External font `lmex10' loaded for size
(Font)              <8> on input line 56.
LaTeX Font Info:    External font `lmex10' loaded for size
(Font)              <6> on input line 56.
LaTeX Font Info:    External font `lmex10' loaded for size
(Font)              <9> on input line 56.
LaTeX Font Info:    External font `lmex10' loaded for size
(Font)              <5> on input line 56.

Underfull \hbox (badness 10000) in paragraph at lines 56--56
[]|\OT1/lmr/m/n/9 Carl Vin-son In-sti-tute of Gov-ern-ment, Uni-ver-sity
 []


Overfull \hbox (15.73082pt too wide) detected at line 56
[]  []
 []

! Misplaced \noalign.
\hline ->\noalign 
                  {\ifnum 0=`}\fi \hrule \@height \arrayrulewidth \futurelet...
l.56 \maketitle
               
I expect to see \noalign only after the \cr of
an alignment. Proceed, and I'll ignore this case.


! Package array Error:  Illegal pream-token (1): `c' used.

See the array package documentation for explanation.
Type  H <return>  for immediate help.
 ...                                              
                                                  
l.64 ...l Reshape the U.S. Population Landscape"}}
                                                  \\
Try typing  <return>  to proceed.
If that doesn't work, type  X <return>  to quit.


Overfull \hbox (11.58153pt too wide) in paragraph at lines 80--88
[][]  
 []

(publications.tex [1

{C:/Users/Matt/AppData/Local/MiKTeX/2.9/pdftex/config/pdftex.map}]
Underfull \hbox (badness 10000) in paragraph at lines 74--74
[]|\OT1/lmr/bx/n/10.95 Hauer, M.\OT1/lmr/m/n/10.95 , and Hens-ley, E. A New Fac
e of Geor-gia: An anal-y-sis of the state's pop-u-la-tion
 []


Underfull \hbox (badness 10000) in paragraph at lines 74--74
[]|\OT1/lmr/bx/n/10.95 Hauer, M.\OT1/lmr/m/n/10.95 , Byars, J., Wil-son, G., & 
Pizarek, M. Trans-fer Stu-dent Re-port: Demon-strat-ing
 []


Underfull \hbox (badness 10000) in paragraph at lines 74--74
\OT1/lmr/m/n/10.95 in-no-va-tive ways to an-a-lyze stu-dent trans-fer data to a
n-swer pol-icy ques-tions. \OT1/lmr/m/it/10.95 Board of
 []


Underfull \hbox (badness 10000) in paragraph at lines 74--74
[]|\OT1/lmr/bx/n/10.95 Hauer, M.\OT1/lmr/m/n/10.95 , Lynde, H., Byars, J., Wil-
son, G., Coyne, J., & Tan-ner D. First Time Fresh-man
 []


Underfull \hbox (badness 10000) in paragraph at lines 74--74
\OT1/lmr/m/n/10.95 Re-port: USG mar-ket share and the Geor-gia high school to U
SG pipeline. \OT1/lmr/m/it/10.95 Board of Re-
 []


Underfull \hbox (badness 10000) in paragraph at lines 74--74
[]|\OT1/lmr/bx/n/10.95 Hauer, M.\OT1/lmr/m/n/10.95 , Lynde, H., Byars, J., Wil-
son, G., Coyne, J., & Tan-ner, D. Stu-dent pro-gres-sion
 []


Underfull \hbox (badness 10000) in paragraph at lines 74--74
\OT1/lmr/m/n/10.95 re-port: En-roll-ment pat-terns that lead to grad-u-a-tion. 
\OT1/lmr/m/it/10.95 Board of Re-gents of the Uni-ver-sity
 []


Underfull \hbox (badness 10000) in paragraph at lines 74--74
[]|\OT1/lmr/bx/n/10.95 Hauer, M.\OT1/lmr/m/n/10.95 , Lynde, H., Byars, J. Wil-s
on, G., Coyne, J., & Tan-ner, D. Uni-ver-sity Sys-tem of
 []


Underfull \hbox (badness 10000) in paragraph at lines 74--74
[]|\OT1/lmr/m/n/10.95 Shannon, J. and \OT1/lmr/bx/n/10.95 Hauer, M. \OT1/lmr/m/
n/10.95 Pro-jec-tions of food in-se-cu-rity in the metro At-lanta area. \OT1/lm
r/m/it/10.95 At-lanta
 []


Underfull \hbox (badness 10000) in paragraph at lines 74--74
[]|\OT1/lmr/m/n/10.95 Evans, J., \OT1/lmr/bx/n/10.95 Hauer, M.\OT1/lmr/m/n/10.9
5 , Hardy, D., & Pip-pin, S. As-sess-ing so-cial vul-ner-a-bil-ity us-ing SoVI-
Lite:
 []


Underfull \hbox (badness 10000) in paragraph at lines 74--74
[]|\OT1/lmr/m/n/10.95 Evans, J., Pip-pin, S., Hardy, D., & \OT1/lmr/bx/n/10.95 
Hauer, M. \OT1/lmr/m/n/10.95 So-cial vul-ner-a-bil-ity and lo-cal haz-ard mit-i
-
 []


Underfull \hbox (badness 10000) in paragraph at lines 74--74
\OT1/lmr/m/n/10.95 ga-tion plan-ning: Ap-pli-ca-tion and eval-u-a-tion of SoVI-
Lite ap-proach for Glynn County,
 []


Underfull \hbox (badness 10000) in paragraph at lines 74--74
[]|\OT1/lmr/bx/n/10.95 Hauer, M.\OT1/lmr/m/n/10.95 , A tale of two Geor-gias: R
u-ral and ur-ban de-mo-graphic changes in Geor-gia. \OT1/lmr/m/it/10.95 Geor-
 []


Underfull \hbox (badness 10000) in paragraph at lines 74--74
[]|\OT1/lmr/bx/n/10.95 Hauer, M. \OT1/lmr/m/n/10.95 and Vaida, G. Dis-pro-por-t
ion-ate mi-nor-ity con-tact as-sess-ment. \OT1/lmr/m/it/10.95 Gov-er-nor's Of-f
ice of
 []


Underfull \hbox (badness 10000) in paragraph at lines 74--74
[]|\OT1/lmr/m/n/10.95 Tinsley, K. and \OT1/lmr/bx/n/10.95 Hauer, M. \OT1/lmr/m/
n/10.95 At-lama Com-mu-nity Trans-for-ma-tion (ACT) dis-trict hous-ing as-
 []


Underfull \hbox (badness 10000) in paragraph at lines 74--74
[]|\OT1/lmr/m/n/10.95 Clarke, W., Brown, W., & \OT1/lmr/bx/n/10.95 Hauer, M. \O
T1/lmr/m/n/10.95 The mo-tor use fuel tax in Geor-gia: Col-lec-tion ef-fi-
 []


Underfull \hbox (badness 10000) in paragraph at lines 74--74
[]|\OT1/lmr/m/n/10.95 Clarke, W., Brown, W., \OT1/lmr/bx/n/10.95 Hauer, M.\OT1/
lmr/m/n/10.95 , & Meyer, M. Metropoli-tan At-lanta Rapid Tran-sit Au-
 []


Underfull \hbox (badness 10000) in paragraph at lines 74--74
[]|\OT1/lmr/m/n/10.95 Simmons, M. and \OT1/lmr/bx/n/10.95 Hauer, M. \OT1/lmr/m/
n/10.95 An anal-y-sis and cri-tique of Tal-la-has-see and Leon County trans-
 []

[2]) (grants.tex
New spreadtab: \begin{tabularx}{\linewidth }{llXr}
* reading tab: ok
* computing formulas:
     cell D1-D2-D3-D4-D5-D6-D7
     cell A2
     cell D2
     cell A3
     cell D3
     cell A4
     cell D4
     cell D5
     cell A6
     cell D6
     cell D7
* building tab: ok

Underfull \hbox (badness 10000) in paragraph at lines 11--11
[]|\OT1/lmr/m/n/10.95 Forecast of the Tim-ing, Lo-ca-tions, Se-quence and Like-
li-est Des-ti-na-tions of
 []


Underfull \hbox (badness 10000) in paragraph at lines 11--11
[]|\OT1/lmr/m/n/10.95 Sustainability in Chesa-peake Bay shorescapes: cli-mate c
hange, man-age-ment
 []


Underfull \hbox (badness 10000) in paragraph at lines 11--11
[]|\OT1/lmr/m/n/10.95 Assessment and Ap-pli-ca-tion of the So-cial Vul-ner-a-bi
l-ity In-dex for Coastal
 []


Underfull \hbox (badness 10000) in paragraph at lines 11--11
\OT1/lmr/m/n/10.95 Haz-ards Plan-ning in Glynn County, GA.-- #NA12NOS4190171, G
eor-gia
 []


Underfull \hbox (badness 10000) in paragraph at lines 11--11
\OT1/lmr/m/n/10.95 De-part-ment of Nat-u-ral Re-sources from the Of-fice of Oce
an and Coastal
 []


Underfull \hbox (badness 10000) in paragraph at lines 11--11
[]|\OT1/lmr/m/n/10.95 Understanding so-cial at-ti-tudes and pri-or-i-tiz-ing ge
o-spatial risks for cli-mate
 []


Underfull \hbox (badness 10000) in paragraph at lines 11--11
[]|\OT1/lmr/m/n/10.95 Projecting His-panic Eco-nomic Out-comes in Geor-gia, 200
0-2030.-- Poverty
 []


Underfull \hbox (badness 10000) in paragraph at lines 11--11
[]|\OT1/lmr/m/n/10.95 The Pro-duc-tion and Eval-u-a-tion of Es-ti-mates of the 
To-tal Pop-u-la-tion Us-ing
 []

End of spreadtab: \end{tabularx}

New spreadtab: \begin{tabularx}{\linewidth }{llXr}
* reading tab: ok
* computing formulas:

     cell D1-D2-D3-D4-D5-D6-D7-D8-D9-D10-D11-D12-D13-D14-D15-D16-D17-D18-D19-D2
0-D21-D22-D23-D24
     cell A2
     cell D2
     cell A3
     cell D3
     cell D4
     cell D5
     cell A6
     cell D6
     cell D7
     cell D8
     cell D9
     cell D10
     cell A11
     cell D11
     cell D12
     cell D13
     cell D14
     cell D15
     cell A16
     cell D16
     cell D17
     cell D18
     cell D19
     cell A20
     cell D20
     cell A21
     cell D21
     cell D22
     cell D23
     cell D24
* building tab: ok
! LaTeX Error: Something's wrong--perhaps a missing \item.

See the LaTeX manual or LaTeX Companion for explanation.
Type  H <return>  for immediate help.
 ...                                              
                                                  
l.45 \end{spreadtab}
                    
Try typing  <return>  to proceed.
If that doesn't work, type  X <return>  to quit.

! LaTeX Error: Something's wrong--perhaps a missing \item.

See the LaTeX manual or LaTeX Companion for explanation.
Type  H <return>  for immediate help.
 ...                                              
                                                  
l.45 \end{spreadtab}
                    
Try typing  <return>  to proceed.
If that doesn't work, type  X <return>  to quit.

! LaTeX Error: Something's wrong--perhaps a missing \item.

See the LaTeX manual or LaTeX Companion for explanation.
Type  H <return>  for immediate help.
 ...                                              
                                                  
l.45 \end{spreadtab}
                    
Try typing  <return>  to proceed.
If that doesn't work, type  X <return>  to quit.

! LaTeX Error: Something's wrong--perhaps a missing \item.

See the LaTeX manual or LaTeX Companion for explanation.
Type  H <return>  for immediate help.
 ...                                              
                                                  
l.45 \end{spreadtab}
                    
Try typing  <return>  to proceed.
If that doesn't work, type  X <return>  to quit.

! LaTeX Error: Something's wrong--perhaps a missing \item.

See the LaTeX manual or LaTeX Companion for explanation.
Type  H <return>  for immediate help.
 ...                                              
                                                  
l.45 \end{spreadtab}
                    
Try typing  <return>  to proceed.
If that doesn't work, type  X <return>  to quit.


Underfull \hbox (badness 10000) in paragraph at lines 45--45
[]|\OT1/lmr/m/n/10.95 Data Re-search, Anal-y-sis, and Mod-el-ing Project. Board
 of Re-gents of the Uni-
 []


Underfull \hbox (badness 10000) in paragraph at lines 45--45
[]|\OT1/lmr/m/n/10.95 Population Pro-jec-tions for Coweta County and cities of 
New-nan and Se-qoia.
 []


Underfull \hbox (badness 10000) in paragraph at lines 45--45
[]|\OT1/lmr/m/n/10.95 Small Area Pop-u-la-tion Pro-jec-tions for the Bear Creek
 Reser-voir in South Ful-
 []


Underfull \hbox (badness 10000) in paragraph at lines 45--45
[]|\OT1/lmr/m/n/10.95 Food In-se-cu-rity in 2020 for the At-lanta Food Bank Ser
-vice Area. At-lanta
 []


Underfull \hbox (badness 10000) in paragraph at lines 45--45
[]|\OT1/lmr/m/n/10.95 Population Pro-jec-tions for the State of Geor-gia, 2015-
2050. Geor-gia Gov-er-nor's
 []


Underfull \hbox (badness 10000) in paragraph at lines 45--45
[]|\OT1/lmr/m/n/10.95 Enrollment Pro-jec-tions for the Uni-ver-sity Sys-tem of 
Geor-gia 2014-2024. Board
 []


Underfull \hbox (badness 10000) in paragraph at lines 45--45
[]|\OT1/lmr/m/n/10.95 A Tale of Two Geor-gias: Ru-ral and Ur-ban De-mo-graphic 
Changes in Geor-gia.
 []


Underfull \hbox (badness 10000) in paragraph at lines 45--45
[]|\OT1/lmr/m/n/10.95 Demography and Higher Ed-u-ca-tion MOOC. Board of Re-gent
s of the Uni-ver-sity
 []


Underfull \hbox (badness 10000) in paragraph at lines 45--45
[]|\OT1/lmr/m/n/10.95 University Sys-tem of Geor-gia Data Anal-y-sis Demon-stra
-tion Project. Board of
 []


Underfull \hbox (badness 10000) in paragraph at lines 45--45
[]|\OT1/lmr/m/n/10.95 Population Es-ti-mates for the At-lanta Re-gional Com-mis
-sion. At-lanta Re-gional
 []


Underfull \hbox (badness 10000) in paragraph at lines 45--45
[]|\OT1/lmr/m/n/10.95 Small Area Pop-u-la-tion Pro-jec-tions for the Bear Creek
 Reser-voir in South Ful-
 []


Underfull \hbox (badness 10000) in paragraph at lines 45--45
[]|\OT1/lmr/m/n/10.95 Technical As-sis-tance for Pro-duc-ing Pop-u-la-tion Pro-
jec-tions. Pauld-ing County
 []


Underfull \hbox (badness 10000) in paragraph at lines 45--45
[]|\OT1/lmr/m/n/10.95 Technical As-sis-tance for Pro-duc-ing Pop-u-la-tion Pro-
jec-tions. Etowah Wa-ter &
 []


Underfull \hbox (badness 10000) in paragraph at lines 45--45
[]|\OT1/lmr/m/n/10.95 Enrollment Pro-jec-tions for the Uni-ver-sity Sys-tem of 
Geor-gia 2013-2023. Board
 []


Underfull \hbox (badness 10000) in paragraph at lines 45--45
[]|\OT1/lmr/m/n/10.95 Enrollment Pro-jec-tions for the Uni-ver-sity Sys-tem of 
Geor-gia 2012-2022. Board
 []


Underfull \hbox (badness 10000) in paragraph at lines 45--45
[]|\OT1/lmr/m/n/10.95 Enrollment Pro-jec-tions for Fayette County School Sys-te
m 2011-2021. Fayette
 []


Underfull \hbox (badness 10000) in paragraph at lines 45--45
[]|\OT1/lmr/m/n/10.95 Population Pro-jec-tions for the State of Geor-gia, 2010-
2030. Geor-gia Gov-er-nor's
 []


Underfull \hbox (badness 10000) in paragraph at lines 45--45
[]|\OT1/lmr/m/n/10.95 Disproportionate Mi-nor-ity Con-tact in the Ju-ve-nile Ju
s-tice Sys-tem of Geor-gia.
 []

[3] End of spreadtab: \end{tabularx}

New spreadtab: \begin{tabularx}{\linewidth }{llXr}
* reading tab: ok
* computing formulas:
     cell D1-D2-D3
     cell A2
     cell D2
     cell D3
* building tab: ok

Underfull \hbox (badness 10000) in paragraph at lines 53--53
[]|\OT1/lmr/m/n/10.95 Developing top-down data driven mod-els to pre-dict pop-u
-la-tion flows dur-ing
 []

End of spreadtab: \end{tabularx}

)
Overfull \vbox (2.76802pt too high) has occurred while \output is active []


[4] (interviews.tex
Underfull \hbox (badness 1292) in paragraph at lines 25--114
\OT1/lmr/m/n/10.95 (again still), [][]$[]$[][], [][]$[]$[][] (again), [][]$[]$[
][], [][]$[]$[][], 
 []


Underfull \hbox (badness 10000) in paragraph at lines 25--114
[][]$[]$[][]\OT1/lmr/m/n/10.95 , [][]$[]$[][], [][]$[]$[][], [][]$[]$[][], [][]
$[]$[][], 
 []


Underfull \hbox (badness 2970) in paragraph at lines 25--114
[][]$[]$[][]\OT1/lmr/m/n/10.95 , [][]$[]$[][], [][]$[]$[][] (again), [][]$[]$[]
[], [][]$[]$[][] 
 []


Underfull \hbox (badness 3635) in paragraph at lines 25--114
\OT1/lmr/m/n/10.95 (again), [][]$[]$[][], [][]$[]$[][], [][]$[]$[][], [][]$[]$[
][], 
 []


Underfull \hbox (badness 1270) in paragraph at lines 25--114
[][]$[]$[][]\OT1/lmr/m/n/10.95 , [][]$[]$[][], [][]$[]$[][], [][]$[]$[][], [][]
$[]$[][], 
 []

[5]
Underfull \hbox (badness 3803) in paragraph at lines 130--183
[][][]$[]$[][]\OT1/lmr/m/n/10.95 , [][]$[]$[][], [][]$[]$[][], [][]$[]$[][], []
[]$[]$[][], 
 []


Underfull \hbox (badness 3579) in paragraph at lines 130--183
[][]$[]$[][]\OT1/lmr/m/n/10.95 , [][]$[]$[][], [][]$[]$[][], [][]$[]$[][], [][]
$[]$[][], [][]$[]$[][], 
 []


Underfull \hbox (badness 3568) in paragraph at lines 130--183
[][]$[]$[][]\OT1/lmr/m/n/10.95 , [][]$[]$[][], [][]$[]$[][], [][]$[]$[][], [][]
$[]$[][], 
 []


Underfull \hbox (badness 1515) in paragraph at lines 130--183
[][]$[]$[][]\OT1/lmr/m/n/10.95 , [][]$[]$[][], [][]$[]$[][], [][]$[]$[][], [][]
$[]$[][], 
 []


Underfull \hbox (badness 10000) in paragraph at lines 130--183
[][]$[]$[][]\OT1/lmr/m/n/10.95 , [][]$[]$[][], [][]$[]$[][], [][]$[]$[][], [][]
$[]$[][], 
 []


Underfull \hbox (badness 1303) in paragraph at lines 130--183
[][]$[]$[][]\OT1/lmr/m/n/10.95 , [][]$[]$[][], [][]$[]$[][], [][]$[]$[][], [][]
$[]$[][], 
 []

! Undefined control sequence.
\enit@endenumerate ->\enit@after 
                                 \endlist \ifx \enit@series \relax \else \if...
l.205 \end{enumerate}
                     
The control sequence at the end of the top line
of your error message was never \def'ed. If you have
misspelled it (e.g., `\hobx'), type `I' and the correct
spelling (e.g., `I\hbox'). Otherwise just continue,
and I'll forget about whatever was undefined.

! Undefined control sequence.
\enit@endenumerate ...\else \ifnum \enit@resuming 
                                                  =\@ne \enit@setresumekeys ...
l.205 \end{enumerate}
                     
The control sequence at the end of the top line
of your error message was never \def'ed. If you have
misspelled it (e.g., `\hobx'), type `I' and the correct
spelling (e.g., `I\hbox'). Otherwise just continue,
and I'll forget about whatever was undefined.

! Missing number, treated as zero.
<to be read again> 
                   =
l.205 \end{enumerate}
                     
A number should have been here; I inserted `0'.
(If you can't figure out why I needed to see a number,
look up `weird error' in the index to The TeXbook.)

! Undefined control sequence.
\enit@setresumekeys ...xpandafter {\enit@savekeys 
                                                  }\xdef \enit@afterlist {#2...
l.205 \end{enumerate}
                     
The control sequence at the end of the top line
of your error message was never \def'ed. If you have
misspelled it (e.g., `\hobx'), type `I' and the correct
spelling (e.g., `I\hbox'). Otherwise just continue,
and I'll forget about whatever was undefined.

! Undefined control sequence.
\enit@setresumekeys ...it@toks }\ifnum \enit@type 
                                                  =\z@ #3\def \enit@noexcs {...
l.205 \end{enumerate}
                     
The control sequence at the end of the top line
of your error message was never \def'ed. If you have
misspelled it (e.g., `\hobx'), type `I' and the correct
spelling (e.g., `I\hbox'). Otherwise just continue,
and I'll forget about whatever was undefined.

! Missing number, treated as zero.
<to be read again> 
                   =
l.205 \end{enumerate}
                     
A number should have been here; I inserted `0'.
(If you can't figure out why I needed to see a number,
look up `weird error' in the index to The TeXbook.)

! Undefined control sequence.
<argument> enit@resume@series@\enit@series 
                                           
l.205 \end{enumerate}
                     
The control sequence at the end of the top line
of your error message was never \def'ed. If you have
misspelled it (e.g., `\hobx'), type `I' and the correct
spelling (e.g., `I\hbox'). Otherwise just continue,
and I'll forget about whatever was undefined.

! Undefined control sequence.
\enit@endenumerate ...t \fi \ifnum \enit@resuming 
                                                  =\thr@@ \enit@setresumekey...
l.205 \end{enumerate}
                     
The control sequence at the end of the top line
of your error message was never \def'ed. If you have
misspelled it (e.g., `\hobx'), type `I' and the correct
spelling (e.g., `I\hbox'). Otherwise just continue,
and I'll forget about whatever was undefined.

! Missing number, treated as zero.
<to be read again> 
                   =
l.205 \end{enumerate}
                     
A number should have been here; I inserted `0'.
(If you can't figure out why I needed to see a number,
look up `weird error' in the index to The TeXbook.)

! Undefined control sequence.
\enit@setresumekeys ...xpandafter {\enit@savekeys 
                                                  }\xdef \enit@afterlist {#2...
l.205 \end{enumerate}
                     
The control sequence at the end of the top line
of your error message was never \def'ed. If you have
misspelled it (e.g., `\hobx'), type `I' and the correct
spelling (e.g., `I\hbox'). Otherwise just continue,
and I'll forget about whatever was undefined.

! Undefined control sequence.
\enit@setresumekeys ...it@toks }\ifnum \enit@type 
                                                  =\z@ #3\def \enit@noexcs {...
l.205 \end{enumerate}
                     
The control sequence at the end of the top line
of your error message was never \def'ed. If you have
misspelled it (e.g., `\hobx'), type `I' and the correct
spelling (e.g., `I\hbox'). Otherwise just continue,
and I'll forget about whatever was undefined.

! Missing number, treated as zero.
<to be read again> 
                   =
l.205 \end{enumerate}
                     
A number should have been here; I inserted `0'.
(If you can't figure out why I needed to see a number,
look up `weird error' in the index to The TeXbook.)

)
Underfull \hbox (badness 10000) in paragraph at lines 197--197
[]|\OT1/lmr/m/it/10.95 Member\OT1/lmr/m/n/10.95 , Uni-ver-sity Search Com-mit-t
ee, Carl Vin-son In-sti-tute of Gov-ern-ment's Train-ing De-
 []

[6] (students.tex)
Package atveryend Info: Empty hook `BeforeClearDocument' on input line 213.
 [7]
Package atveryend Info: Empty hook `AfterLastShipout' on input line 213.
 (Hauer_CV.aux)
Package atveryend Info: Executing hook `AtVeryEndDocument' on input line 213.
Package atveryend Info: Executing hook `AtEndAfterFileList' on input line 213.
Package rerunfilecheck Info: File `Hauer_CV.out' has not changed.
(rerunfilecheck)             Checksum: 2F09EC3CB5A188133A84D717F218B7EF;868.


LaTeX Warning: There were undefined references.


Package biblatex Warning: Please (re)run Biber on the file:
(biblatex)                Hauer_CV
(biblatex)                and rerun LaTeX afterwards.

Package logreq Info: Writing requests to 'Hauer_CV.run.xml'.
\openout1 = `Hauer_CV.run.xml'.

 ) 
Here is how much of TeX's memory you used:
 25510 strings out of 493323
 446744 string characters out of 3145103
 962521 words of memory out of 3000000
 28695 multiletter control sequences out of 15000+200000
 585023 words of font info for 50 fonts, out of 3000000 for 9000
 1141 hyphenation exceptions out of 8191
 45i,12n,69p,10474b,4056s stack positions out of 5000i,500n,10000p,200000b,50000s
{C:/MiKTeX 2.9/fonts/enc/dvips/lm/lm-rm.enc}<C:/MiKTeX 2.9/fonts/type1/public
/lm/lmbx10.pfb><C:/MiKTeX 2.9/fonts/type1/public/lm/lmbx12.pfb><C:/MiKTeX 2.9/f
onts/type1/public/lm/lmbx9.pfb><C:/MiKTeX 2.9/fonts/type1/public/lm/lmr10.pfb><
C:/MiKTeX 2.9/fonts/type1/public/lm/lmr9.pfb><C:/MiKTeX 2.9/fonts/type1/public/
lm/lmri10.pfb><C:/MiKTeX 2.9/fonts/type1/public/lm/lmri8.pfb><C:/MiKTeX 2.9/fon
ts/type1/public/lm/lmri9.pfb>
Output written on Hauer_CV.pdf (7 pages, 303650 bytes).
PDF statistics:
 398 PDF objects out of 1000 (max. 8388607)
 61 named destinations out of 1000 (max. 500000)
 129 words of extra memory for PDF output out of 10000 (max. 10000000)

